[35m[1mConsolidate compiler generated dependencies of target local_planner_node[0m
[ 11%] [32mBuilding CXX object CMakeFiles/local_planner_node.dir/src/plannerdata.cpp.o[0m
[ 22%] [32mBuilding CXX object CMakeFiles/local_planner_node.dir/src/planner.cpp.o[0m
[ 33%] [32mBuilding CXX object CMakeFiles/local_planner_node.dir/src/planningalgorithm.cpp.o[0m
In file included from [01m[K/home/jonas/loisWS/lois_local_planner/local_planner/src/plannerdata.cpp:1[m[K:
[01m[K/home/jonas/loisWS/lois_local_planner/local_planner/include/local_planner/plannerdata.hpp:3:10:[m[K [01;31m[Kfatal error: [m[Kros/ros.h: No such file or directory
    3 | #include [01;31m[K<ros/ros.h>[m[K
      |          [01;31m[K^~~~~~~~~~~[m[K
compilation terminated.
gmake[2]: *** [CMakeFiles/local_planner_node.dir/build.make:104: CMakeFiles/local_planner_node.dir/src/plannerdata.cpp.o] Error 1
gmake[2]: *** Waiting for unfinished jobs....
In file included from [01m[K/home/jonas/loisWS/lois_local_planner/local_planner/include/local_planner/planningalgorithm.hpp:6[m[K,
                 from [01m[K/home/jonas/loisWS/lois_local_planner/local_planner/src/planningalgorithm.cpp:1[m[K:
[01m[K/home/jonas/loisWS/lois_local_planner/local_planner/include/local_planner/plannerdata.hpp:3:10:[m[K [01;31m[Kfatal error: [m[Kros/ros.h: No such file or directory
    3 | #include [01;31m[K<ros/ros.h>[m[K
      |          [01;31m[K^~~~~~~~~~~[m[K
compilation terminated.
gmake[2]: *** [CMakeFiles/local_planner_node.dir/build.make:132: CMakeFiles/local_planner_node.dir/src/planningalgorithm.cpp.o] Error 1
In file included from [01m[K/home/jonas/loisWS/lois_local_planner/local_planner/src/planner.cpp:1[m[K:
[01m[K/home/jonas/loisWS/lois_local_planner/local_planner/include/local_planner/planner.hpp:6:10:[m[K [01;31m[Kfatal error: [m[Ksensor_msgs/Image.h: No such file or directory
    6 | #include [01;31m[K<sensor_msgs/Image.h>[m[K
      |          [01;31m[K^~~~~~~~~~~~~~~~~~~~~[m[K
compilation terminated.
gmake[2]: *** [CMakeFiles/local_planner_node.dir/build.make:90: CMakeFiles/local_planner_node.dir/src/planner.cpp.o] Error 1
gmake[1]: *** [CMakeFiles/Makefile2:137: CMakeFiles/local_planner_node.dir/all] Error 2
gmake: *** [Makefile:146: all] Error 2
